[NX v21.3.8 Daemon Server] - 2025-07-29T02:36:16.814Z - Started listening on: /tmp/ef096b27d68c7d9829e1/d.sock
[NX v21.3.8 Daemon Server] - 2025-07-29T02:36:16.824Z - [WATCHER]: Subscribed to changes within: /home/swapna/Tentalents-ecommerce (native)
[NX v21.3.8 Daemon Server] - 2025-07-29T02:36:16.834Z - Established a connection. Number of open connections: 1
[NX v21.3.8 Daemon Server] - 2025-07-29T02:36:16.836Z - Established a connection. Number of open connections: 2
[NX v21.3.8 Daemon Server] - 2025-07-29T02:36:16.848Z - [REQUEST]: Client Request for Project Graph Received
[NX v21.3.8 Daemon Server] - 2025-07-29T02:36:17.031Z - Closed a connection. Number of open connections: 1
Time for 'plugin worker 29321 code loading' 28.292632999829948
Time for 'plugin worker 29331 code loading' 34.05048200022429
Time for 'plugin worker 29330 code loading' 28.606651999987662
Time for 'plugin worker 29322 code loading' 46.739037999883294
Time for 'plugin worker 29329 code loading' 116.41392299998552
Time for 'plugin worker 29338 code loading' 73.69751700013876
Time for 'plugin worker 29344 code loading' 113.54815299995244
[NX v21.3.8 Daemon Server] - 2025-07-29T02:36:18.156Z - Time taken for 'Load Nx Plugin: /home/swapna/Tentalents-ecommerce/node_modules/nx/src/plugins/js' 1288.1988280001096ms
[NX v21.3.8 Daemon Server] - 2025-07-29T02:36:19.321Z - Time taken for 'Load Nx Plugin: /home/swapna/Tentalents-ecommerce/node_modules/nx/src/plugins/project-json/build-nodes/project-json' 2455.3650799999014ms
[NX v21.3.8 Daemon Server] - 2025-07-29T02:36:19.365Z - Time taken for 'Load Nx Plugin: @nx/next/plugin' 2508.9607959999703ms
[NX v21.3.8 Daemon Server] - 2025-07-29T02:36:19.465Z - Time taken for 'loadDefaultNxPlugins' 2606.976826999802ms
[NX v21.3.8 Daemon Server] - 2025-07-29T02:36:19.830Z - Time taken for 'Load Nx Plugin: @nx/eslint/plugin' 2975.6369470003992ms
[NX v21.3.8 Daemon Server] - 2025-07-29T02:36:19.843Z - Time taken for 'Load Nx Plugin: @nx/jest/plugin' 2986.243473000359ms
[NX v21.3.8 Daemon Server] - 2025-07-29T02:36:20.121Z - [REQUEST]: Updated workspace context based on watched changes, recomputing project graph...
[NX v21.3.8 Daemon Server] - 2025-07-29T02:36:20.126Z - [REQUEST]: 
[NX v21.3.8 Daemon Server] - 2025-07-29T02:36:20.126Z - [REQUEST]: 
[NX v21.3.8 Daemon Server] - 2025-07-29T02:36:20.155Z - No files changed, but no in-memory cached project graph found. Recomputing it...
Time for '@nx/webpack/plugin:createNodes' 11.783902999944985

 NX   Failed to parse npm lockfile

Please open an issue at `https://github.com/nrwl/nx/issues/new?template=1-bug.yml` and provide a reproduction.

Original error: Unexpected token < in JSON at position 689


SyntaxError: Unexpected token < in JSON at position 689
    at JSON.parse (<anonymous>)
    at parsePackageLockFile (/home/swapna/Tentalents-ecommerce/node_modules/nx/src/plugins/js/lock-file/npm-parser.js:23:26)
    at getNpmLockfileNodes (/home/swapna/Tentalents-ecommerce/node_modules/nx/src/plugins/js/lock-file/npm-parser.js:29:18)
    at getLockFileNodes (/home/swapna/Tentalents-ecommerce/node_modules/nx/src/plugins/js/lock-file/lock-file.js:57:57)
    at exports.createNodes (/home/swapna/Tentalents-ecommerce/node_modules/nx/src/plugins/js/index.js:54:64)
    at /home/swapna/Tentalents-ecommerce/node_modules/nx/src/project-graph/plugins/utils.js:10:33
    at Array.map (<anonymous>)
    at createNodesFromFiles (/home/swapna/Tentalents-ecommerce/node_modules/nx/src/project-graph/plugins/utils.js:8:35)
    at exports.createNodesV2 (/home/swapna/Tentalents-ecommerce/node_modules/nx/src/plugins/js/index.js:23:51)
    at LoadedNxPlugin.createNodes (/home/swapna/Tentalents-ecommerce/node_modules/nx/src/project-graph/plugins/loaded-nx-plugin.js:22:65)

Time for 'nx/js/dependencies-and-lockfile:createNodes' 30.88528100028634
[NX v21.3.8 Daemon Server] - 2025-07-29T02:36:20.347Z - Time taken for 'loadSpecifiedNxPlugins' 3247.058788999915ms
[NX v21.3.8 Daemon Server] - 2025-07-29T02:36:20.348Z - Established a connection. Number of open connections: 2
[NX v21.3.8 Daemon Server] - 2025-07-29T02:36:20.349Z - Established a connection. Number of open connections: 3
[NX v21.3.8 Daemon Server] - 2025-07-29T02:36:20.350Z - Established a connection. Number of open connections: 4
[NX v21.3.8 Daemon Server] - 2025-07-29T02:36:20.351Z - Established a connection. Number of open connections: 5
[NX v21.3.8 Daemon Server] - 2025-07-29T02:36:20.351Z - Established a connection. Number of open connections: 6
[NX v21.3.8 Daemon Server] - 2025-07-29T02:36:20.352Z - Established a connection. Number of open connections: 7
[NX v21.3.8 Daemon Server] - 2025-07-29T02:36:20.366Z - [REQUEST]: Responding to the client. handleGlob
[NX v21.3.8 Daemon Server] - 2025-07-29T02:36:20.368Z - Done responding to the client handleGlob
[NX v21.3.8 Daemon Server] - 2025-07-29T02:36:20.369Z - Handled GLOB. Handling time: 8. Response time: 4.
Time for 'total for sendMessageToDaemon()' 100.48429400008172
Time for 'deserialize daemon response' 0.3110270001925528
Time for 'nx/core/package-json:createNodes' 63.260453999973834
Time for 'nx/core/project-json:createNodes' 32.80354000022635
[NX v21.3.8 Daemon Server] - 2025-07-29T02:36:20.418Z - [REQUEST]: Responding to the client. handleHashMultiGlob
[NX v21.3.8 Daemon Server] - 2025-07-29T02:36:20.419Z - Done responding to the client handleHashMultiGlob
[NX v21.3.8 Daemon Server] - 2025-07-29T02:36:20.419Z - Handled HASH_GLOB. Handling time: 44. Response time: 1.
[NX v21.3.8 Daemon Server] - 2025-07-29T02:36:20.429Z - [REQUEST]: Responding to the client. handleHashGlob
[NX v21.3.8 Daemon Server] - 2025-07-29T02:36:20.430Z - Done responding to the client handleHashGlob
[NX v21.3.8 Daemon Server] - 2025-07-29T02:36:20.430Z - Handled HASH_GLOB. Handling time: 8. Response time: 1.
[NX v21.3.8 Daemon Server] - 2025-07-29T02:36:20.430Z - Closed a connection. Number of open connections: 6
[NX v21.3.8 Daemon Server] - 2025-07-29T02:36:20.430Z - Closed a connection. Number of open connections: 5
[NX v21.3.8 Daemon Server] - 2025-07-29T02:36:20.430Z - Closed a connection. Number of open connections: 4
[NX v21.3.8 Daemon Server] - 2025-07-29T02:36:20.537Z - [REQUEST]: Responding to the client. handleHashMultiGlob
[NX v21.3.8 Daemon Server] - 2025-07-29T02:36:20.538Z - Done responding to the client handleHashMultiGlob
[NX v21.3.8 Daemon Server] - 2025-07-29T02:36:20.541Z - Handled HASH_GLOB. Handling time: 102. Response time: 4.
[NX v21.3.8 Daemon Server] - 2025-07-29T02:36:20.558Z - [REQUEST]: Responding to the client. handleHashGlob
[NX v21.3.8 Daemon Server] - 2025-07-29T02:36:20.560Z - Done responding to the client handleHashGlob
[NX v21.3.8 Daemon Server] - 2025-07-29T02:36:20.561Z - Handled HASH_GLOB. Handling time: 6. Response time: 3.
NX  Falling back to ts-node for local typescript execution. This may be a little slower.
 - To fix this, ensure @swc-node/register and @swc/core have been installed
NX  Falling back to ts-node for local typescript execution. This may be a little slower.
 - To fix this, ensure @swc-node/register and @swc/core have been installed
NX  Falling back to ts-node for local typescript execution. This may be a little slower.
 - To fix this, ensure @swc-node/register and @swc/core have been installed
Time for 'total for sendMessageToDaemon()' 91.69285799982026
Time for 'deserialize daemon response' 0.08447600016370416
Time for '@nx/next/plugin:createNodes' 4723.7677819998935
Time for 'total for sendMessageToDaemon()' 4572.675522999838
Time for 'deserialize daemon response' 0.19936499977484345
Time for '@nx/jest/plugin:createNodes' 4753.120182999875
Time for 'total for sendMessageToDaemon()' 102.72163599962369
Time for 'deserialize daemon response' 0.09965799981728196
Time for '@nx/eslint/plugin:createNodes' 12849.033295999747
Time for 'total for sendMessageToDaemon()' 150.76321800006554
Time for 'deserialize daemon response' 0.06350999977439642
[NX v21.3.8 Daemon Server] - 2025-07-29T02:36:33.320Z - Time taken for 'build-project-configs' 13083.881639000028ms
Time for 'build typescript dependencies' 3103.6514800000004
[NX v21.3.8 Daemon Server] - 2025-07-29T02:36:36.460Z - Wrote project graph cache to /home/swapna/Tentalents-ecommerce/.nx/workspace-data/project-graph.json with errors
[NX v21.3.8 Daemon Server] - 2025-07-29T02:36:36.462Z - [REQUEST]: Responding to the client with an error. Error when preparing serialized project graph. Failed to process project graph.
     - package-lock.json: SyntaxError: Unexpected token < in JSON at position 689
      at JSON.parse (<anonymous>)
      at parsePackageLockFile (/home/swapna/Tentalents-ecommerce/node_modules/nx/src/plugins/js/lock-file/npm-parser.js:23:26)
      at getNpmLockfileNodes (/home/swapna/Tentalents-ecommerce/node_modules/nx/src/plugins/js/lock-file/npm-parser.js:29:18)
      at getLockFileNodes (/home/swapna/Tentalents-ecommerce/node_modules/nx/src/plugins/js/lock-file/lock-file.js:57:57)
      at exports.createNodes (/home/swapna/Tentalents-ecommerce/node_modules/nx/src/plugins/js/index.js:54:64)
      at /home/swapna/Tentalents-ecommerce/node_modules/nx/src/project-graph/plugins/utils.js:10:33
      at Array.map (<anonymous>)
      at createNodesFromFiles (/home/swapna/Tentalents-ecommerce/node_modules/nx/src/project-graph/plugins/utils.js:8:35)
      at exports.createNodesV2 (/home/swapna/Tentalents-ecommerce/node_modules/nx/src/plugins/js/index.js:23:51)
      at LoadedNxPlugin.createNodes (/home/swapna/Tentalents-ecommerce/node_modules/nx/src/project-graph/plugins/loaded-nx-plugin.js:22:65)
      SyntaxError: Unexpected token < in JSON at position 689
          at JSON.parse (<anonymous>)
          at parsePackageLockFile (/home/swapna/Tentalents-ecommerce/node_modules/nx/src/plugins/js/lock-file/npm-parser.js:23:26)
          at getNpmLockfileNodes (/home/swapna/Tentalents-ecommerce/node_modules/nx/src/plugins/js/lock-file/npm-parser.js:29:18)
          at getLockFileNodes (/home/swapna/Tentalents-ecommerce/node_modules/nx/src/plugins/js/lock-file/lock-file.js:57:57)
          at exports.createNodes (/home/swapna/Tentalents-ecommerce/node_modules/nx/src/plugins/js/index.js:54:64)
          at /home/swapna/Tentalents-ecommerce/node_modules/nx/src/project-graph/plugins/utils.js:10:33
          at Array.map (<anonymous>)
          at createNodesFromFiles (/home/swapna/Tentalents-ecommerce/node_modules/nx/src/project-graph/plugins/utils.js:8:35)
          at exports.createNodesV2 (/home/swapna/Tentalents-ecommerce/node_modules/nx/src/plugins/js/index.js:23:51)
          at LoadedNxPlugin.createNodes (/home/swapna/Tentalents-ecommerce/node_modules/nx/src/project-graph/plugins/loaded-nx-plugin.js:22:65)
[NX v21.3.8 Daemon Server] - 2025-07-29T02:36:36.472Z - Done responding to the client null
[NX v21.3.8 Daemon Server] - 2025-07-29T02:36:36.473Z - Handled REQUEST_PROJECT_GRAPH. Handling time: 19614. Response time: 11.
[NX v21.3.8 Daemon Server] - 2025-07-29T02:36:36.473Z - Time taken for 'total execution time for createProjectGraph()' 3159.5132679999806ms
[NX v21.3.8 Daemon Server] - 2025-07-29T02:36:36.489Z - Closed a connection. Number of open connections: 3
[NX v21.3.8 Daemon Server] - 2025-07-29T02:38:15.818Z - [WATCHER]: Processing file changes in outputs
[NX v21.3.8 Daemon Server] - 2025-07-29T02:38:15.820Z - Closed a connection. Number of open connections: 2
[NX v21.3.8 Daemon Server] - 2025-07-29T02:38:15.827Z - Closed a connection. Number of open connections: 1
[NX v21.3.8 Daemon Server] - 2025-07-29T02:38:15.829Z - Closed a connection. Number of open connections: 0
[NX v21.3.8 Daemon Server] - 2025-07-29T02:38:15.831Z - [WATCHER]: Stopping the watcher for /home/swapna/Tentalents-ecommerce (sources)
[NX v21.3.8 Daemon Server] - 2025-07-29T02:38:15.836Z - [WATCHER]: Stopping the watcher for /home/swapna/Tentalents-ecommerce (outputs)
[NX v21.3.8 Daemon Server] - 2025-07-29T02:38:15.840Z - Server stopped because: "LOCK_FILES_CHANGED"
[NX v21.3.7 Daemon Server] - 2025-07-30T08:26:28.411Z - Started listening on: \\.\pipe\nx\C:\Users\KARISH~1\AppData\Local\Temp\92983c5981a030903a5d\d.sock
[NX v21.3.7 Daemon Server] - 2025-07-30T08:26:28.416Z - [WATCHER]: Subscribed to changes within: c:\Users\Karishma khatri\Desktop\Tentalents-ecommerce (native)
[NX v21.3.7 Daemon Server] - 2025-07-30T08:26:28.424Z - Established a connection. Number of open connections: 1
[NX v21.3.7 Daemon Server] - 2025-07-30T08:26:28.428Z - Closed a connection. Number of open connections: 0
[NX v21.3.7 Daemon Server] - 2025-07-30T08:26:28.486Z - Established a connection. Number of open connections: 1
[NX v21.3.7 Daemon Server] - 2025-07-30T08:26:28.487Z - Closed a connection. Number of open connections: 0
[NX v21.3.7 Daemon Server] - 2025-07-30T08:26:28.488Z - Established a connection. Number of open connections: 1
[NX v21.3.7 Daemon Server] - 2025-07-30T08:26:28.491Z - [REQUEST]: Client Request for Project Graph Received
Time for 'plugin worker 27852 code loading' 12.244500000000002
Time for 'plugin worker 6344 code loading' 9.195599999999999
Time for 'plugin worker 26452 code loading' 9.950599999999998
Time for 'plugin worker 21068 code loading' 10.025300000000001
Time for 'plugin worker 17936 code loading' 15.707800000000006
Time for 'plugin worker 18660 code loading' 13.088299999999997
Time for 'plugin worker 11924 code loading' 12.136899999999997
[NX v21.3.7 Daemon Server] - 2025-07-30T08:26:29.096Z - Time taken for 'Load Nx Plugin: c:\Users\Karishma khatri\Desktop\Tentalents-ecommerce\node_modules\nx\src\plugins\package-json' 594.194ms
[NX v21.3.7 Daemon Server] - 2025-07-30T08:26:29.109Z - Time taken for 'Load Nx Plugin: c:\Users\Karishma khatri\Desktop\Tentalents-ecommerce\node_modules\nx\src\plugins\project-json\build-nodes\project-json' 607.0325ms
[NX v21.3.7 Daemon Server] - 2025-07-30T08:26:29.135Z - Time taken for 'loadDefaultNxPlugins' 635.6349000000001ms
[NX v21.3.7 Daemon Server] - 2025-07-30T08:26:29.220Z - Time taken for 'Load Nx Plugin: @nx/jest/plugin' 722.7735ms
[NX v21.3.7 Daemon Server] - 2025-07-30T08:26:29.250Z - Time taken for 'Load Nx Plugin: @nx/eslint/plugin' 754.0616ms
[NX v21.3.7 Daemon Server] - 2025-07-30T08:26:29.310Z - Time taken for 'Load Nx Plugin: @nx/next/plugin' 811.0598ms
[NX v21.3.7 Daemon Server] - 2025-07-30T08:26:29.351Z - [REQUEST]: Updated workspace context based on watched changes, recomputing project graph...
[NX v21.3.7 Daemon Server] - 2025-07-30T08:26:29.351Z - [REQUEST]: 
[NX v21.3.7 Daemon Server] - 2025-07-30T08:26:29.351Z - [REQUEST]: 
[NX v21.3.7 Daemon Server] - 2025-07-30T08:26:29.357Z - No files changed, but no in-memory cached project graph found. Recomputing it...
Time for '@nx/webpack/plugin:createNodes' 4.230899999999906
[NX v21.3.7 Daemon Server] - 2025-07-30T08:26:29.391Z - Time taken for 'loadSpecifiedNxPlugins' 854.5969ms
[NX v21.3.7 Daemon Server] - 2025-07-30T08:26:29.393Z - Established a connection. Number of open connections: 2
[NX v21.3.7 Daemon Server] - 2025-07-30T08:26:29.393Z - Established a connection. Number of open connections: 3
[NX v21.3.7 Daemon Server] - 2025-07-30T08:26:29.394Z - Established a connection. Number of open connections: 4
[NX v21.3.7 Daemon Server] - 2025-07-30T08:26:29.394Z - Established a connection. Number of open connections: 5
[NX v21.3.7 Daemon Server] - 2025-07-30T08:26:29.395Z - Closed a connection. Number of open connections: 4
[NX v21.3.7 Daemon Server] - 2025-07-30T08:26:29.395Z - Closed a connection. Number of open connections: 3
[NX v21.3.7 Daemon Server] - 2025-07-30T08:26:29.401Z - [REQUEST]: Responding to the client. handleGlob
Time for 'nx/core/project-json:createNodes' 9.592499999999973
[NX v21.3.7 Daemon Server] - 2025-07-30T08:26:29.405Z - [REQUEST]: Responding to the client. handleHashGlob
[NX v21.3.7 Daemon Server] - 2025-07-30T08:26:29.405Z - Established a connection. Number of open connections: 4
[NX v21.3.7 Daemon Server] - 2025-07-30T08:26:29.405Z - Established a connection. Number of open connections: 5
[NX v21.3.7 Daemon Server] - 2025-07-30T08:26:29.406Z - Closed a connection. Number of open connections: 4
[NX v21.3.7 Daemon Server] - 2025-07-30T08:26:29.406Z - Done responding to the client handleGlob
[NX v21.3.7 Daemon Server] - 2025-07-30T08:26:29.406Z - Handled GLOB. Handling time: 3. Response time: 5.
[NX v21.3.7 Daemon Server] - 2025-07-30T08:26:29.407Z - Done responding to the client handleHashGlob
[NX v21.3.7 Daemon Server] - 2025-07-30T08:26:29.407Z - Handled HASH_GLOB. Handling time: 2. Response time: 2.
Time for 'nx/js/dependencies-and-lockfile:createNodes' 24.19240000000002
Time for 'total for sendMessageToDaemon()' 21.29740000000004
Time for 'deserialize daemon response' 0.22509999999999764
Time for 'nx/core/package-json:createNodes' 27.154600000000073
[NX v21.3.7 Daemon Server] - 2025-07-30T08:26:29.424Z - [REQUEST]: Responding to the client. handleHashMultiGlob
[NX v21.3.7 Daemon Server] - 2025-07-30T08:26:29.456Z - [REQUEST]: Responding to the client. handleHashMultiGlob
[NX v21.3.7 Daemon Server] - 2025-07-30T08:26:29.456Z - Done responding to the client handleHashMultiGlob
[NX v21.3.7 Daemon Server] - 2025-07-30T08:26:29.457Z - Handled HASH_GLOB. Handling time: 16. Response time: 32.
[NX v21.3.7 Daemon Server] - 2025-07-30T08:26:29.457Z - Done responding to the client handleHashMultiGlob
[NX v21.3.7 Daemon Server] - 2025-07-30T08:26:29.457Z - Handled HASH_GLOB. Handling time: 27. Response time: 1.
Time for 'total for sendMessageToDaemon()' 14.371700000000033
Time for 'deserialize daemon response' 0.06430000000000291
[NX v21.3.7 Daemon Server] - 2025-07-30T08:26:29.938Z - [REQUEST]: Responding to the client. handleHashGlob
[NX v21.3.7 Daemon Server] - 2025-07-30T08:26:29.939Z - Done responding to the client handleHashGlob
[NX v21.3.7 Daemon Server] - 2025-07-30T08:26:29.939Z - Handled HASH_GLOB. Handling time: 1. Response time: 1.
Time for '@nx/next/plugin:createNodes' 560.8248000000001
Time for 'total for sendMessageToDaemon()' 532.4509999999999
Time for 'deserialize daemon response' 0.03569999999990614
[NX v21.3.7 Daemon Server] - 2025-07-30T08:26:30.078Z - Established a connection. Number of open connections: 5
[NX v21.3.7 Daemon Server] - 2025-07-30T08:26:30.079Z - Closed a connection. Number of open connections: 4
[NX v21.3.7 Daemon Server] - 2025-07-30T08:26:30.080Z - Established a connection. Number of open connections: 5
[NX v21.3.7 Daemon Server] - 2025-07-30T08:26:30.085Z - [REQUEST]: Responding to the client. Shutdown initiated
[NX v21.3.7 Daemon Server] - 2025-07-30T08:26:30.086Z - Done responding to the client Shutdown initiated
[NX v21.3.7 Daemon Server] - 2025-07-30T08:26:30.086Z - Handled FORCE_SHUTDOWN. Handling time: 0. Response time: 1.
[NX v21.3.7 Daemon Server] - 2025-07-30T08:26:30.086Z - Closed a connection. Number of open connections: 4
[NX v21.3.7 Daemon Server] - 2025-07-30T08:26:30.086Z - Closed a connection. Number of open connections: 3
[NX v21.3.7 Daemon Server] - 2025-07-30T08:26:30.086Z - Closed a connection. Number of open connections: 2
[NX v21.3.7 Daemon Server] - 2025-07-30T08:26:30.086Z - Closed a connection. Number of open connections: 1
[NX v21.3.7 Daemon Server] - 2025-07-30T08:26:30.086Z - Closed a connection. Number of open connections: 0
[NX v21.3.7 Daemon Server] - 2025-07-30T08:26:30.086Z - [WATCHER]: Stopping the watcher for c:\Users\Karishma khatri\Desktop\Tentalents-ecommerce (sources)
[NX v21.3.7 Daemon Server] - 2025-07-30T08:26:30.087Z - [WATCHER]: Stopping the watcher for c:\Users\Karishma khatri\Desktop\Tentalents-ecommerce (outputs)
[NX v21.3.7 Daemon Server] - 2025-07-30T08:26:30.088Z - Server stopped because: "Request to shutdown"
[33mConvert compiler options from json failed, Cannot read file 'c:/Users/Karishma khatri/Desktop/Tentalents-ecommerce/apps/tsconfig.base.json'.[39m
[33mConvert compiler options from json failed, Cannot read file 'c:/Users/Karishma khatri/Desktop/Tentalents-ecommerce/apps/tsconfig.base.json'.[39m
[33mConvert compiler options from json failed, Cannot read file 'c:/Users/Karishma khatri/Desktop/Tentalents-ecommerce/apps/tsconfig.base.json'.[39m
[33mConvert compiler options from json failed, Cannot read file 'c:/Users/Karishma khatri/Desktop/Tentalents-ecommerce/apps/tsconfig.base.json'.[39m
