Daemon process terminated and closed the connection

Messages from the log:
[NX v21.3.7 Daemon Server] - 2025-07-30T08:26:29.939Z - Done responding to the client handleHashGlob
[NX v21.3.7 Daemon Server] - 2025-07-30T08:26:29.939Z - Handled HASH_GLOB. Handling time: 1. Response time: 1.
Time for '@nx/next/plugin:createNodes' 560.8248000000001
Time for 'total for sendMessageToDaemon()' 532.4509999999999
Time for 'deserialize daemon response' 0.03569999999990614
[NX v21.3.7 Daemon Server] - 2025-07-30T08:26:30.078Z - Established a connection. Number of open connections: 5
[NX v21.3.7 Daemon Server] - 2025-07-30T08:26:30.079Z - Closed a connection. Number of open connections: 4
[NX v21.3.7 Daemon Server] - 2025-07-30T08:26:30.080Z - Established a connection. Number of open connections: 5
[NX v21.3.7 Daemon Server] - 2025-07-30T08:26:30.085Z - [REQUEST]: Responding to the client. Shutdown initiated
[NX v21.3.7 Daemon Server] - 2025-07-30T08:26:30.086Z - Done responding to the client Shutdown initiated
[NX v21.3.7 Daemon Server] - 2025-07-30T08:26:30.086Z - Handled FORCE_SHUTDOWN. Handling time: 0. Response time: 1.
[NX v21.3.7 Daemon Server] - 2025-07-30T08:26:30.086Z - Closed a connection. Number of open connections: 4
[NX v21.3.7 Daemon Server] - 2025-07-30T08:26:30.086Z - Closed a connection. Number of open connections: 3
[NX v21.3.7 Daemon Server] - 2025-07-30T08:26:30.086Z - Closed a connection. Number of open connections: 2
[NX v21.3.7 Daemon Server] - 2025-07-30T08:26:30.086Z - Closed a connection. Number of open connections: 1
[NX v21.3.7 Daemon Server] - 2025-07-30T08:26:30.086Z - Closed a connection. Number of open connections: 0
[NX v21.3.7 Daemon Server] - 2025-07-30T08:26:30.086Z - [WATCHER]: Stopping the watcher for c:\Users\Karishma khatri\Desktop\Tentalents-ecommerce (sources)
[NX v21.3.7 Daemon Server] - 2025-07-30T08:26:30.087Z - [WATCHER]: Stopping the watcher for c:\Users\Karishma khatri\Desktop\Tentalents-ecommerce (outputs)
[NX v21.3.7 Daemon Server] - 2025-07-30T08:26:30.088Z - Server stopped because: "Request to shutdown"



More information: c:\Users\Karishma khatri\Desktop\Tentalents-ecommerce\.nx\workspace-data\d\daemon.log